<?xml version="1.0" encoding="UTF-8"?>

<beans xmlns="http://www.springframework.org/schema/beans"
	xmlns:xsi="http://www.w3.org/2001/XMLSchema-instance"
	xmlns:jdbc="http://www.springframework.org/schema/jdbc"
	xsi:schemaLocation="
		http://www.springframework.org/schema/jdbc
		https://www.springframework.org/schema/jdbc/spring-jdbc.xsd
		http://www.springframework.org/schema/beans
		https://www.springframework.org/schema/beans/spring-beans.xsd">
	
	<bean id="properties" class="org.springframework.beans.factory.config.PropertiesFactoryBean">
		<property name="location">
			<value>/student-queries.properties</value>
		</property>
	</bean>
	<bean id="jdbcTemplate" class="org.springframework.jdbc.core.JdbcTemplate">
		<constructor-arg ref="dataSource"/>
	</bean>
	<jdbc:embedded-database type="H2" id="dataSource" generate-name="true">
		<jdbc:script location="/test-db-schema.sql"/>
		<jdbc:script location="/test-db-data.sql"/>
	</jdbc:embedded-database>
</beans>