<?xml version="1.0" encoding="UTF-8"?>
<beans xmlns="http://www.springframework.org/schema/beans"
	xmlns:context="http://www.springframework.org/schema/context"
	xmlns:xsi="http://www.w3.org/2001/XMLSchema-instance"
	xmlns:jdbc="http://www.springframework.org/schema/jdbc"
	xsi:schemaLocation="
		http://www.springframework.org/schema/context
		https://www.springframework.org/schema/context/spring-context.xsd
		http://www.springframework.org/schema/jdbc
		https://www.springframework.org/schema/jdbc/spring-jdbc.xsd
		http://www.springframework.org/schema/beans
		https://www.springframework.org/schema/beans/spring-beans.xsd">

	<bean id="studentDaoTest" class="ua.com.foxminded.university.dao.jdbc.JdbcStudentDaoTest">
		<constructor-arg ref="dataSource"/>
	</bean>
	<jdbc:embedded-database type="H2" id="dataSource" generate-name="true">
		<jdbc:script location="classpath:db-schema.sql" />
		<jdbc:script location="classpath:test-data.sql" />
	</jdbc:embedded-database>
</beans>


